#
# There is insufficient memory for the Java Runtime Environment to continue.
# Native memory allocation (malloc) failed to allocate 2011856 bytes for Chunk::new
# Possible reasons:
#   The system is out of physical RAM or swap space
#   The process is running with CompressedOops enabled, and the Java Heap may be blocking the growth of the native heap
# Possible solutions:
#   Reduce memory load on the system
#   Increase physical memory or swap space
#   Check if swap backing store is full
#   Decrease Java heap size (-Xmx/-Xms)
#   Decrease number of Java threads
#   Decrease Java thread stack sizes (-Xss)
#   Set larger code cache with -XX:ReservedCodeCacheSize=
#   JVM is running with Unscaled Compressed Oops mode in which the Java heap is
#     placed in the first 4GB address space. The Java Heap base address is the
#     maximum limit for the native heap growth. Please use -XX:HeapBaseMinAddress
#     to set the Java Heap base and to place the Java Heap above 4GB virtual address.
# This output file may be truncated or incomplete.
#
#  Out of Memory Error (arena.cpp:189), pid=11980, tid=9684
#
# JRE version: OpenJDK Runtime Environment Microsoft-8035246 (17.0.8+7) (build 17.0.8+7-LTS)
# Java VM: OpenJDK 64-Bit Server VM Microsoft-8035246 (17.0.8+7-LTS, mixed mode, sharing, tiered, compressed oops, compressed class ptrs, g1 gc, windows-amd64)
# No core dump will be written. Minidumps are not enabled by default on client versions of Windows
#

---------------  S U M M A R Y ------------

Command Line: -XX:MaxMetaspaceSize=512m --add-opens=java.base/java.util=ALL-UNNAMED --add-opens=java.base/java.lang=ALL-UNNAMED --add-opens=java.base/java.lang.invoke=ALL-UNNAMED --add-opens=java.prefs/java.util.prefs=ALL-UNNAMED --add-opens=java.base/java.nio.charset=ALL-UNNAMED --add-opens=java.base/java.net=ALL-UNNAMED --add-opens=java.base/java.util.concurrent.atomic=ALL-UNNAMED -Xmx2048m -Dfile.encoding=windows-1252 -Duser.country=US -Duser.language=en -Duser.variant -javaagent:C:\Users\admin\.gradle\wrapper\dists\gradle-8.3-all\6en3ugtfdg5xnpx44z4qbwgas\gradle-8.3\lib\agents\gradle-instrumentation-agent-8.3.jar org.gradle.launcher.daemon.bootstrap.GradleDaemon 8.3

Host: Intel(R) Core(TM) i3-1005G1 CPU @ 1.20GHz, 4 cores, 11G,  Windows 10 , 64 bit Build 19041 (10.0.19041.3636)
Time: Sat Mar  2 23:48:44 2024 SE Asia Standard Time elapsed time: 6.737771 seconds (0d 0h 0m 6s)

---------------  T H R E A D  ---------------

Current thread (0x00000169fcb26840):  JavaThread "C2 CompilerThread0" daemon [_thread_in_native, id=9684, stack(0x000000026a300000,0x000000026a400000)]


Current CompileTask:
C2:   6737 2257   !   4       java.lang.ClassLoader::loadClass (121 bytes)

Stack: [0x000000026a300000,0x000000026a400000]
Native frames: (J=compiled Java code, j=interpreted, Vv=VM code, C=native code)
V  [jvm.dll+0x67bf3a]
V  [jvm.dll+0x83a024]
V  [jvm.dll+0x83b7ce]
V  [jvm.dll+0x83be33]
V  [jvm.dll+0x24785f]
V  [jvm.dll+0xac3bc]
V  [jvm.dll+0xac98c]
V  [jvm.dll+0x3680b2]
V  [jvm.dll+0x332451]
V  [jvm.dll+0x3318fa]
V  [jvm.dll+0x21a131]
V  [jvm.dll+0x219551]
V  [jvm.dll+0x1a56b6]
V  [jvm.dll+0x2291ea]
V  [jvm.dll+0x22724c]
V  [jvm.dll+0x7efd0c]
V  [jvm.dll+0x7ea13a]
V  [jvm.dll+0x67ad85]
C  [ucrtbase.dll+0x21bb2]
C  [KERNEL32.DLL+0x17344]
C  [ntdll.dll+0x526b1]


---------------  P R O C E S S  ---------------

Threads class SMR info:
_java_thread_list=0x00000169fe9c20d0, length=24, elements={
0x00000169edf2a9c0, 0x00000169fcb01900, 0x00000169fcb024c0, 0x00000169fcb16320,
0x00000169fcb16df0, 0x00000169fcb178c0, 0x00000169fcb1cef0, 0x00000169fcb26840,
0x00000169fcb2ae30, 0x00000169fcb33340, 0x00000169fcd2be80, 0x00000169fcd2c390,
0x00000169fcd2c8a0, 0x00000169fcd2aa40, 0x00000169fcd2cdb0, 0x00000169fcd2d2c0,
0x00000169fcd2a020, 0x00000169fcd29b10, 0x00000169fcd2b970, 0x00000169fcd2a530,
0x00000169fcd2af50, 0x00000169fcd2b460, 0x00000169fcd483d0, 0x00000169fcd49d20
}

Java Threads: ( => current thread )
  0x00000169edf2a9c0 JavaThread "main" [_thread_blocked, id=17396, stack(0x0000000269600000,0x0000000269700000)]
  0x00000169fcb01900 JavaThread "Reference Handler" daemon [_thread_blocked, id=16472, stack(0x0000000269d00000,0x0000000269e00000)]
  0x00000169fcb024c0 JavaThread "Finalizer" daemon [_thread_blocked, id=13836, stack(0x0000000269e00000,0x0000000269f00000)]
  0x00000169fcb16320 JavaThread "Signal Dispatcher" daemon [_thread_blocked, id=13264, stack(0x0000000269f00000,0x000000026a000000)]
  0x00000169fcb16df0 JavaThread "Attach Listener" daemon [_thread_blocked, id=16872, stack(0x000000026a000000,0x000000026a100000)]
  0x00000169fcb178c0 JavaThread "Service Thread" daemon [_thread_blocked, id=15944, stack(0x000000026a100000,0x000000026a200000)]
  0x00000169fcb1cef0 JavaThread "Monitor Deflation Thread" daemon [_thread_blocked, id=13604, stack(0x000000026a200000,0x000000026a300000)]
=>0x00000169fcb26840 JavaThread "C2 CompilerThread0" daemon [_thread_in_native, id=9684, stack(0x000000026a300000,0x000000026a400000)]
  0x00000169fcb2ae30 JavaThread "C1 CompilerThread0" daemon [_thread_blocked, id=14140, stack(0x000000026a400000,0x000000026a500000)]
  0x00000169fcb33340 JavaThread "Sweeper thread" daemon [_thread_blocked, id=5100, stack(0x000000026a500000,0x000000026a600000)]
  0x00000169fcd2be80 JavaThread "Common-Cleaner" daemon [_thread_blocked, id=14972, stack(0x000000026a600000,0x000000026a700000)]
  0x00000169fcd2c390 JavaThread "Notification Thread" daemon [_thread_blocked, id=11816, stack(0x000000026a700000,0x000000026a800000)]
  0x00000169fcd2c8a0 JavaThread "Daemon health stats" [_thread_blocked, id=12144, stack(0x000000026a900000,0x000000026aa00000)]
  0x00000169fcd2aa40 JavaThread "Incoming local TCP Connector on port 58555" [_thread_in_native, id=16248, stack(0x000000026ad00000,0x000000026ae00000)]
  0x00000169fcd2cdb0 JavaThread "Daemon periodic checks" [_thread_blocked, id=15540, stack(0x000000026ae00000,0x000000026af00000)]
  0x00000169fcd2d2c0 JavaThread "Daemon" [_thread_blocked, id=11724, stack(0x000000026af00000,0x000000026b000000)]
  0x00000169fcd2a020 JavaThread "Handler for socket connection from /127.0.0.1:58555 to /127.0.0.1:58556" [_thread_in_native, id=4648, stack(0x000000026b000000,0x000000026b100000)]
  0x00000169fcd29b10 JavaThread "Cancel handler" [_thread_blocked, id=9952, stack(0x000000026b100000,0x000000026b200000)]
  0x00000169fcd2b970 JavaThread "Daemon worker" [_thread_in_native, id=16604, stack(0x000000026b200000,0x000000026b300000)]
  0x00000169fcd2a530 JavaThread "Asynchronous log dispatcher for DefaultDaemonConnection: socket connection from /127.0.0.1:58555 to /127.0.0.1:58556" [_thread_blocked, id=11096, stack(0x000000026b300000,0x000000026b400000)]
  0x00000169fcd2af50 JavaThread "Stdin handler" [_thread_blocked, id=13508, stack(0x000000026b400000,0x000000026b500000)]
  0x00000169fcd2b460 JavaThread "Daemon client event forwarder" [_thread_blocked, id=3268, stack(0x000000026b500000,0x000000026b600000)]
  0x00000169fcd483d0 JavaThread "Cache worker for journal cache (C:\Users\admin\.gradle\caches\journal-1)" [_thread_blocked, id=17024, stack(0x000000026b600000,0x000000026b700000)]
  0x00000169fcd49d20 JavaThread "File lock request listener" [_thread_in_native, id=8584, stack(0x000000026b700000,0x000000026b800000)]

Other Threads:
  0x00000169fcaf9e40 VMThread "VM Thread" [stack: 0x0000000269c00000,0x0000000269d00000] [id=13588]
  0x00000169fce89000 WatcherThread [stack: 0x000000026a800000,0x000000026a900000] [id=7400]
  0x00000169edf88160 GCTaskThread "GC Thread#0" [stack: 0x0000000269700000,0x0000000269800000] [id=16632]
  0x00000169fcec8bd0 GCTaskThread "GC Thread#1" [stack: 0x000000026aa00000,0x000000026ab00000] [id=452]
  0x00000169fd274290 GCTaskThread "GC Thread#2" [stack: 0x000000026ab00000,0x000000026ac00000] [id=16740]
  0x00000169fd274550 GCTaskThread "GC Thread#3" [stack: 0x000000026ac00000,0x000000026ad00000] [id=14320]
  0x00000169edf99180 ConcurrentGCThread "G1 Main Marker" [stack: 0x0000000269800000,0x0000000269900000] [id=8840]
  0x00000169edf9a330 ConcurrentGCThread "G1 Conc#0" [stack: 0x0000000269900000,0x0000000269a00000] [id=2688]
  0x00000169edfde0b0 ConcurrentGCThread "G1 Refine#0" [stack: 0x0000000269a00000,0x0000000269b00000] [id=10236]
  0x00000169edfdeae0 ConcurrentGCThread "G1 Service" [stack: 0x0000000269b00000,0x0000000269c00000] [id=2800]

Threads with active compile tasks:
C2 CompilerThread0     6792 2257   !   4       java.lang.ClassLoader::loadClass (121 bytes)

VM state: not at safepoint (normal execution)

VM Mutex/Monitor currently owned by a thread: None

Heap address: 0x0000000080000000, size: 2048 MB, Compressed Oops mode: 32-bit

CDS archive(s) mapped at: [0x000001698f000000-0x000001698fbd0000-0x000001698fbd0000), size 12386304, SharedBaseAddress: 0x000001698f000000, ArchiveRelocationMode: 1.
Compressed class space mapped at: 0x0000016990000000-0x00000169aa000000, reserved size: 436207616
Narrow klass base: 0x000001698f000000, Narrow klass shift: 0, Narrow klass range: 0x100000000

GC Precious Log:
 CPUs: 4 total, 4 available
 Memory: 12077M
 Large Page Support: Disabled
 NUMA Support: Disabled
 Compressed Oops: Enabled (32-bit)
 Heap Region Size: 1M
 Heap Min Capacity: 8M
 Heap Initial Capacity: 190M
 Heap Max Capacity: 2G
 Pre-touch: Disabled
 Parallel Workers: 4
 Concurrent Workers: 1
 Concurrent Refinement Workers: 4
 Periodic GC: Disabled

Heap:
 garbage-first heap   total 194560K, used 75631K [0x0000000080000000, 0x0000000100000000)
  region size 1024K, 65 young (66560K), 2 survivors (2048K)
 Metaspace       used 14605K, committed 14848K, reserved 491520K
  class space    used 2047K, committed 2176K, reserved 425984K

Heap Regions: E=young(eden), S=young(survivor), O=old, HS=humongous(starts), HC=humongous(continues), CS=collection set, F=free, OA=open archive, CA=closed archive, TAMS=top-at-mark-start (previous, next)
|   0|0x0000000080000000, 0x0000000080100000, 0x0000000080100000|100%| O|  |TAMS 0x0000000080000000, 0x0000000080000000| Untracked 
|   1|0x0000000080100000, 0x0000000080200000, 0x0000000080200000|100%| O|  |TAMS 0x0000000080100000, 0x0000000080100000| Untracked 
|   2|0x0000000080200000, 0x0000000080300000, 0x0000000080300000|100%|HS|  |TAMS 0x0000000080200000, 0x0000000080200000| Complete 
|   3|0x0000000080300000, 0x0000000080400000, 0x0000000080400000|100%|HC|  |TAMS 0x0000000080300000, 0x0000000080300000| Complete 
|   4|0x0000000080400000, 0x0000000080500000, 0x0000000080500000|100%|HC|  |TAMS 0x0000000080400000, 0x0000000080400000| Complete 
|   5|0x0000000080500000, 0x0000000080600000, 0x0000000080600000|100%|HC|  |TAMS 0x0000000080500000, 0x0000000080500000| Complete 
|   6|0x0000000080600000, 0x0000000080700000, 0x0000000080700000|100%| O|  |TAMS 0x0000000080600000, 0x0000000080600000| Untracked 
|   7|0x0000000080700000, 0x0000000080800000, 0x0000000080800000|100%| O|  |TAMS 0x0000000080700000, 0x0000000080700000| Untracked 
|   8|0x0000000080800000, 0x0000000080800000, 0x0000000080900000|  0%| F|  |TAMS 0x0000000080800000, 0x0000000080800000| Untracked 
|   9|0x0000000080900000, 0x0000000080a00000, 0x0000000080a00000|100%| O|  |TAMS 0x0000000080900000, 0x0000000080900000| Untracked 
|  10|0x0000000080a00000, 0x0000000080b00000, 0x0000000080b00000|100%| O|  |TAMS 0x0000000080a00000, 0x0000000080a00000| Untracked 
|  11|0x0000000080b00000, 0x0000000080bbc200, 0x0000000080c00000| 73%| O|  |TAMS 0x0000000080b00000, 0x0000000080b00000| Untracked 
|  12|0x0000000080c00000, 0x0000000080c00000, 0x0000000080d00000|  0%| F|  |TAMS 0x0000000080c00000, 0x0000000080c00000| Untracked 
|  13|0x0000000080d00000, 0x0000000080d00000, 0x0000000080e00000|  0%| F|  |TAMS 0x0000000080d00000, 0x0000000080d00000| Untracked 
|  14|0x0000000080e00000, 0x0000000080e00000, 0x0000000080f00000|  0%| F|  |TAMS 0x0000000080e00000, 0x0000000080e00000| Untracked 
|  15|0x0000000080f00000, 0x0000000080f00000, 0x0000000081000000|  0%| F|  |TAMS 0x0000000080f00000, 0x0000000080f00000| Untracked 
|  16|0x0000000081000000, 0x0000000081000000, 0x0000000081100000|  0%| F|  |TAMS 0x0000000081000000, 0x0000000081000000| Untracked 
|  17|0x0000000081100000, 0x0000000081100000, 0x0000000081200000|  0%| F|  |TAMS 0x0000000081100000, 0x0000000081100000| Untracked 
|  18|0x0000000081200000, 0x0000000081200000, 0x0000000081300000|  0%| F|  |TAMS 0x0000000081200000, 0x0000000081200000| Untracked 
|  19|0x0000000081300000, 0x0000000081300000, 0x0000000081400000|  0%| F|  |TAMS 0x0000000081300000, 0x0000000081300000| Untracked 
|  20|0x0000000081400000, 0x0000000081400000, 0x0000000081500000|  0%| F|  |TAMS 0x0000000081400000, 0x0000000081400000| Untracked 
|  21|0x0000000081500000, 0x0000000081500000, 0x0000000081600000|  0%| F|  |TAMS 0x0000000081500000, 0x0000000081500000| Untracked 
|  22|0x0000000081600000, 0x0000000081600000, 0x0000000081700000|  0%| F|  |TAMS 0x0000000081600000, 0x0000000081600000| Untracked 
|  23|0x0000000081700000, 0x0000000081700000, 0x0000000081800000|  0%| F|  |TAMS 0x0000000081700000, 0x0000000081700000| Untracked 
|  24|0x0000000081800000, 0x0000000081800000, 0x0000000081900000|  0%| F|  |TAMS 0x0000000081800000, 0x0000000081800000| Untracked 
|  25|0x0000000081900000, 0x0000000081900000, 0x0000000081a00000|  0%| F|  |TAMS 0x0000000081900000, 0x0000000081900000| Untracked 
|  26|0x0000000081a00000, 0x0000000081a00000, 0x0000000081b00000|  0%| F|  |TAMS 0x0000000081a00000, 0x0000000081a00000| Untracked 
|  27|0x0000000081b00000, 0x0000000081b00000, 0x0000000081c00000|  0%| F|  |TAMS 0x0000000081b00000, 0x0000000081b00000| Untracked 
|  28|0x0000000081c00000, 0x0000000081c00000, 0x0000000081d00000|  0%| F|  |TAMS 0x0000000081c00000, 0x0000000081c00000| Untracked 
|  29|0x0000000081d00000, 0x0000000081d00000, 0x0000000081e00000|  0%| F|  |TAMS 0x0000000081d00000, 0x0000000081d00000| Untracked 
|  30|0x0000000081e00000, 0x0000000081e00000, 0x0000000081f00000|  0%| F|  |TAMS 0x0000000081e00000, 0x0000000081e00000| Untracked 
|  31|0x0000000081f00000, 0x0000000081f00000, 0x0000000082000000|  0%| F|  |TAMS 0x0000000081f00000, 0x0000000081f00000| Untracked 
|  32|0x0000000082000000, 0x0000000082000000, 0x0000000082100000|  0%| F|  |TAMS 0x0000000082000000, 0x0000000082000000| Untracked 
|  33|0x0000000082100000, 0x0000000082100000, 0x0000000082200000|  0%| F|  |TAMS 0x0000000082100000, 0x0000000082100000| Untracked 
|  34|0x0000000082200000, 0x0000000082200000, 0x0000000082300000|  0%| F|  |TAMS 0x0000000082200000, 0x0000000082200000| Untracked 
|  35|0x0000000082300000, 0x0000000082300000, 0x0000000082400000|  0%| F|  |TAMS 0x0000000082300000, 0x0000000082300000| Untracked 
|  36|0x0000000082400000, 0x0000000082400000, 0x0000000082500000|  0%| F|  |TAMS 0x0000000082400000, 0x0000000082400000| Untracked 
|  37|0x0000000082500000, 0x0000000082500000, 0x0000000082600000|  0%| F|  |TAMS 0x0000000082500000, 0x0000000082500000| Untracked 
|  38|0x0000000082600000, 0x0000000082600000, 0x0000000082700000|  0%| F|  |TAMS 0x0000000082600000, 0x0000000082600000| Untracked 
|  39|0x0000000082700000, 0x0000000082700000, 0x0000000082800000|  0%| F|  |TAMS 0x0000000082700000, 0x0000000082700000| Untracked 
|  40|0x0000000082800000, 0x0000000082800000, 0x0000000082900000|  0%| F|  |TAMS 0x0000000082800000, 0x0000000082800000| Untracked 
|  41|0x0000000082900000, 0x0000000082900000, 0x0000000082a00000|  0%| F|  |TAMS 0x0000000082900000, 0x0000000082900000| Untracked 
|  42|0x0000000082a00000, 0x0000000082a00000, 0x0000000082b00000|  0%| F|  |TAMS 0x0000000082a00000, 0x0000000082a00000| Untracked 
|  43|0x0000000082b00000, 0x0000000082b00000, 0x0000000082c00000|  0%| F|  |TAMS 0x0000000082b00000, 0x0000000082b00000| Untracked 
|  44|0x0000000082c00000, 0x0000000082c00000, 0x0000000082d00000|  0%| F|  |TAMS 0x0000000082c00000, 0x0000000082c00000| Untracked 
|  45|0x0000000082d00000, 0x0000000082d00000, 0x0000000082e00000|  0%| F|  |TAMS 0x0000000082d00000, 0x0000000082d00000| Untracked 
|  46|0x0000000082e00000, 0x0000000082e00000, 0x0000000082f00000|  0%| F|  |TAMS 0x0000000082e00000, 0x0000000082e00000| Untracked 
|  47|0x0000000082f00000, 0x0000000082f00000, 0x0000000083000000|  0%| F|  |TAMS 0x0000000082f00000, 0x0000000082f00000| Untracked 
|  48|0x0000000083000000, 0x0000000083000000, 0x0000000083100000|  0%| F|  |TAMS 0x0000000083000000, 0x0000000083000000| Untracked 
|  49|0x0000000083100000, 0x0000000083100000, 0x0000000083200000|  0%| F|  |TAMS 0x0000000083100000, 0x0000000083100000| Untracked 
|  50|0x0000000083200000, 0x0000000083200000, 0x0000000083300000|  0%| F|  |TAMS 0x0000000083200000, 0x0000000083200000| Untracked 
|  51|0x0000000083300000, 0x0000000083300000, 0x0000000083400000|  0%| F|  |TAMS 0x0000000083300000, 0x0000000083300000| Untracked 
|  52|0x0000000083400000, 0x0000000083400000, 0x0000000083500000|  0%| F|  |TAMS 0x0000000083400000, 0x0000000083400000| Untracked 
|  53|0x0000000083500000, 0x0000000083500000, 0x0000000083600000|  0%| F|  |TAMS 0x0000000083500000, 0x0000000083500000| Untracked 
|  54|0x0000000083600000, 0x0000000083600000, 0x0000000083700000|  0%| F|  |TAMS 0x0000000083600000, 0x0000000083600000| Untracked 
|  55|0x0000000083700000, 0x0000000083700000, 0x0000000083800000|  0%| F|  |TAMS 0x0000000083700000, 0x0000000083700000| Untracked 
|  56|0x0000000083800000, 0x0000000083800000, 0x0000000083900000|  0%| F|  |TAMS 0x0000000083800000, 0x0000000083800000| Untracked 
|  57|0x0000000083900000, 0x0000000083900000, 0x0000000083a00000|  0%| F|  |TAMS 0x0000000083900000, 0x0000000083900000| Untracked 
|  58|0x0000000083a00000, 0x0000000083a00000, 0x0000000083b00000|  0%| F|  |TAMS 0x0000000083a00000, 0x0000000083a00000| Untracked 
|  59|0x0000000083b00000, 0x0000000083b00000, 0x0000000083c00000|  0%| F|  |TAMS 0x0000000083b00000, 0x0000000083b00000| Untracked 
|  60|0x0000000083c00000, 0x0000000083c00000, 0x0000000083d00000|  0%| F|  |TAMS 0x0000000083c00000, 0x0000000083c00000| Untracked 
|  61|0x0000000083d00000, 0x0000000083d00000, 0x0000000083e00000|  0%| F|  |TAMS 0x0000000083d00000, 0x0000000083d00000| Untracked 
|  62|0x0000000083e00000, 0x0000000083e00000, 0x0000000083f00000|  0%| F|  |TAMS 0x0000000083e00000, 0x0000000083e00000| Untracked 
|  63|0x0000000083f00000, 0x0000000083f00000, 0x0000000084000000|  0%| F|  |TAMS 0x0000000083f00000, 0x0000000083f00000| Untracked 
|  64|0x0000000084000000, 0x0000000084000000, 0x0000000084100000|  0%| F|  |TAMS 0x0000000084000000, 0x0000000084000000| Untracked 
|  65|0x0000000084100000, 0x0000000084100000, 0x0000000084200000|  0%| F|  |TAMS 0x0000000084100000, 0x0000000084100000| Untracked 
|  66|0x0000000084200000, 0x0000000084200000, 0x0000000084300000|  0%| F|  |TAMS 0x0000000084200000, 0x0000000084200000| Untracked 
|  67|0x0000000084300000, 0x0000000084300000, 0x0000000084400000|  0%| F|  |TAMS 0x0000000084300000, 0x0000000084300000| Untracked 
|  68|0x0000000084400000, 0x0000000084400000, 0x0000000084500000|  0%| F|  |TAMS 0x0000000084400000, 0x0000000084400000| Untracked 
|  69|0x0000000084500000, 0x0000000084500000, 0x0000000084600000|  0%| F|  |TAMS 0x0000000084500000, 0x0000000084500000| Untracked 
|  70|0x0000000084600000, 0x0000000084600000, 0x0000000084700000|  0%| F|  |TAMS 0x0000000084600000, 0x0000000084600000| Untracked 
|  71|0x0000000084700000, 0x0000000084700000, 0x0000000084800000|  0%| F|  |TAMS 0x0000000084700000, 0x0000000084700000| Untracked 
|  72|0x0000000084800000, 0x0000000084800000, 0x0000000084900000|  0%| F|  |TAMS 0x0000000084800000, 0x0000000084800000| Untracked 
|  73|0x0000000084900000, 0x0000000084900000, 0x0000000084a00000|  0%| F|  |TAMS 0x0000000084900000, 0x0000000084900000| Untracked 
|  74|0x0000000084a00000, 0x0000000084a00000, 0x0000000084b00000|  0%| F|  |TAMS 0x0000000084a00000, 0x0000000084a00000| Untracked 
|  75|0x0000000084b00000, 0x0000000084b00000, 0x0000000084c00000|  0%| F|  |TAMS 0x0000000084b00000, 0x0000000084b00000| Untracked 
|  76|0x0000000084c00000, 0x0000000084c00000, 0x0000000084d00000|  0%| F|  |TAMS 0x0000000084c00000, 0x0000000084c00000| Untracked 
|  77|0x0000000084d00000, 0x0000000084d00000, 0x0000000084e00000|  0%| F|  |TAMS 0x0000000084d00000, 0x0000000084d00000| Untracked 
|  78|0x0000000084e00000, 0x0000000084e00000, 0x0000000084f00000|  0%| F|  |TAMS 0x0000000084e00000, 0x0000000084e00000| Untracked 
|  79|0x0000000084f00000, 0x0000000084f00000, 0x0000000085000000|  0%| F|  |TAMS 0x0000000084f00000, 0x0000000084f00000| Untracked 
|  80|0x0000000085000000, 0x0000000085000000, 0x0000000085100000|  0%| F|  |TAMS 0x0000000085000000, 0x0000000085000000| Untracked 
|  81|0x0000000085100000, 0x0000000085100000, 0x0000000085200000|  0%| F|  |TAMS 0x0000000085100000, 0x0000000085100000| Untracked 
|  82|0x0000000085200000, 0x0000000085200000, 0x0000000085300000|  0%| F|  |TAMS 0x0000000085200000, 0x0000000085200000| Untracked 
|  83|0x0000000085300000, 0x0000000085300000, 0x0000000085400000|  0%| F|  |TAMS 0x0000000085300000, 0x0000000085300000| Untracked 
|  84|0x0000000085400000, 0x0000000085400000, 0x0000000085500000|  0%| F|  |TAMS 0x0000000085400000, 0x0000000085400000| Untracked 
|  85|0x0000000085500000, 0x0000000085500000, 0x0000000085600000|  0%| F|  |TAMS 0x0000000085500000, 0x0000000085500000| Untracked 
|  86|0x0000000085600000, 0x0000000085600000, 0x0000000085700000|  0%| F|  |TAMS 0x0000000085600000, 0x0000000085600000| Untracked 
|  87|0x0000000085700000, 0x0000000085700000, 0x0000000085800000|  0%| F|  |TAMS 0x0000000085700000, 0x0000000085700000| Untracked 
|  88|0x0000000085800000, 0x0000000085800000, 0x0000000085900000|  0%| F|  |TAMS 0x0000000085800000, 0x0000000085800000| Untracked 
|  89|0x0000000085900000, 0x0000000085900000, 0x0000000085a00000|  0%| F|  |TAMS 0x0000000085900000, 0x0000000085900000| Untracked 
|  90|0x0000000085a00000, 0x0000000085a00000, 0x0000000085b00000|  0%| F|  |TAMS 0x0000000085a00000, 0x0000000085a00000| Untracked 
|  91|0x0000000085b00000, 0x0000000085b00000, 0x0000000085c00000|  0%| F|  |TAMS 0x0000000085b00000, 0x0000000085b00000| Untracked 
|  92|0x0000000085c00000, 0x0000000085c00000, 0x0000000085d00000|  0%| F|  |TAMS 0x0000000085c00000, 0x0000000085c00000| Untracked 
|  93|0x0000000085d00000, 0x0000000085d00000, 0x0000000085e00000|  0%| F|  |TAMS 0x0000000085d00000, 0x0000000085d00000| Untracked 
|  94|0x0000000085e00000, 0x0000000085e00000, 0x0000000085f00000|  0%| F|  |TAMS 0x0000000085e00000, 0x0000000085e00000| Untracked 
|  95|0x0000000085f00000, 0x0000000085f00000, 0x0000000086000000|  0%| F|  |TAMS 0x0000000085f00000, 0x0000000085f00000| Untracked 
|  96|0x0000000086000000, 0x0000000086000000, 0x0000000086100000|  0%| F|  |TAMS 0x0000000086000000, 0x0000000086000000| Untracked 
|  97|0x0000000086100000, 0x0000000086100000, 0x0000000086200000|  0%| F|  |TAMS 0x0000000086100000, 0x0000000086100000| Untracked 
|  98|0x0000000086200000, 0x0000000086200000, 0x0000000086300000|  0%| F|  |TAMS 0x0000000086200000, 0x0000000086200000| Untracked 
|  99|0x0000000086300000, 0x0000000086300000, 0x0000000086400000|  0%| F|  |TAMS 0x0000000086300000, 0x0000000086300000| Untracked 
| 100|0x0000000086400000, 0x0000000086400000, 0x0000000086500000|  0%| F|  |TAMS 0x0000000086400000, 0x0000000086400000| Untracked 
| 101|0x0000000086500000, 0x0000000086500000, 0x0000000086600000|  0%| F|  |TAMS 0x0000000086500000, 0x0000000086500000| Untracked 
| 102|0x0000000086600000, 0x0000000086600000, 0x0000000086700000|  0%| F|  |TAMS 0x0000000086600000, 0x0000000086600000| Untracked 
| 103|0x0000000086700000, 0x0000000086700000, 0x0000000086800000|  0%| F|  |TAMS 0x0000000086700000, 0x0000000086700000| Untracked 
| 104|0x0000000086800000, 0x0000000086800000, 0x0000000086900000|  0%| F|  |TAMS 0x0000000086800000, 0x0000000086800000| Untracked 
| 105|0x0000000086900000, 0x0000000086900000, 0x0000000086a00000|  0%| F|  |TAMS 0x0000000086900000, 0x0000000086900000| Untracked 
| 106|0x0000000086a00000, 0x0000000086a00000, 0x0000000086b00000|  0%| F|  |TAMS 0x0000000086a00000, 0x0000000086a00000| Untracked 
| 107|0x0000000086b00000, 0x0000000086b00000, 0x0000000086c00000|  0%| F|  |TAMS 0x0000000086b00000, 0x0000000086b00000| Untracked 
| 108|0x0000000086c00000, 0x0000000086c00000, 0x0000000086d00000|  0%| F|  |TAMS 0x0000000086c00000, 0x0000000086c00000| Untracked 
| 109|0x0000000086d00000, 0x0000000086d00000, 0x0000000086e00000|  0%| F|  |TAMS 0x0000000086d00000, 0x0000000086d00000| Untracked 
| 110|0x0000000086e00000, 0x0000000086e00000, 0x0000000086f00000|  0%| F|  |TAMS 0x0000000086e00000, 0x0000000086e00000| Untracked 
| 111|0x0000000086f00000, 0x0000000086f00000, 0x0000000087000000|  0%| F|  |TAMS 0x0000000086f00000, 0x0000000086f00000| Untracked 
| 112|0x0000000087000000, 0x0000000087000000, 0x0000000087100000|  0%| F|  |TAMS 0x0000000087000000, 0x0000000087000000| Untracked 
| 113|0x0000000087100000, 0x0000000087100000, 0x0000000087200000|  0%| F|  |TAMS 0x0000000087100000, 0x0000000087100000| Untracked 
| 114|0x0000000087200000, 0x0000000087200000, 0x0000000087300000|  0%| F|  |TAMS 0x0000000087200000, 0x0000000087200000| Untracked 
| 115|0x0000000087300000, 0x0000000087300000, 0x0000000087400000|  0%| F|  |TAMS 0x0000000087300000, 0x0000000087300000| Untracked 
| 116|0x0000000087400000, 0x0000000087400000, 0x0000000087500000|  0%| F|  |TAMS 0x0000000087400000, 0x0000000087400000| Untracked 
| 117|0x0000000087500000, 0x0000000087500000, 0x0000000087600000|  0%| F|  |TAMS 0x0000000087500000, 0x0000000087500000| Untracked 
| 118|0x0000000087600000, 0x0000000087600000, 0x0000000087700000|  0%| F|  |TAMS 0x0000000087600000, 0x0000000087600000| Untracked 
| 119|0x0000000087700000, 0x0000000087700000, 0x0000000087800000|  0%| F|  |TAMS 0x0000000087700000, 0x0000000087700000| Untracked 
| 120|0x0000000087800000, 0x0000000087800000, 0x0000000087900000|  0%| F|  |TAMS 0x0000000087800000, 0x0000000087800000| Untracked 
| 121|0x0000000087900000, 0x0000000087900000, 0x0000000087a00000|  0%| F|  |TAMS 0x0000000087900000, 0x0000000087900000| Untracked 
| 122|0x0000000087a00000, 0x0000000087a00000, 0x0000000087b00000|  0%| F|  |TAMS 0x0000000087a00000, 0x0000000087a00000| Untracked 
| 123|0x0000000087b00000, 0x0000000087b00000, 0x0000000087c00000|  0%| F|  |TAMS 0x0000000087b00000, 0x0000000087b00000| Untracked 
| 124|0x0000000087c00000, 0x0000000087c00000, 0x0000000087d00000|  0%| F|  |TAMS 0x0000000087c00000, 0x0000000087c00000| Untracked 
| 125|0x0000000087d00000, 0x0000000087d80800, 0x0000000087e00000| 50%| E|  |TAMS 0x0000000087d00000, 0x0000000087d00000| Complete 
| 126|0x0000000087e00000, 0x0000000087f00000, 0x0000000087f00000|100%| E|CS|TAMS 0x0000000087e00000, 0x0000000087e00000| Complete 
| 127|0x0000000087f00000, 0x0000000088000000, 0x0000000088000000|100%| E|CS|TAMS 0x0000000087f00000, 0x0000000087f00000| Complete 
| 128|0x0000000088000000, 0x0000000088100000, 0x0000000088100000|100%| E|CS|TAMS 0x0000000088000000, 0x0000000088000000| Complete 
| 129|0x0000000088100000, 0x0000000088200000, 0x0000000088200000|100%| E|CS|TAMS 0x0000000088100000, 0x0000000088100000| Complete 
| 130|0x0000000088200000, 0x0000000088300000, 0x0000000088300000|100%| E|CS|TAMS 0x0000000088200000, 0x0000000088200000| Complete 
| 131|0x0000000088300000, 0x0000000088400000, 0x0000000088400000|100%| E|CS|TAMS 0x0000000088300000, 0x0000000088300000| Complete 
| 132|0x0000000088400000, 0x0000000088500000, 0x0000000088500000|100%| E|CS|TAMS 0x0000000088400000, 0x0000000088400000| Complete 
| 133|0x0000000088500000, 0x0000000088600000, 0x0000000088600000|100%| E|CS|TAMS 0x0000000088500000, 0x0000000088500000| Complete 
| 134|0x0000000088600000, 0x0000000088700000, 0x0000000088700000|100%| E|CS|TAMS 0x0000000088600000, 0x0000000088600000| Complete 
| 135|0x0000000088700000, 0x0000000088800000, 0x0000000088800000|100%| E|CS|TAMS 0x0000000088700000, 0x0000000088700000| Complete 
| 136|0x0000000088800000, 0x0000000088900000, 0x0000000088900000|100%| E|CS|TAMS 0x0000000088800000, 0x0000000088800000| Complete 
| 137|0x0000000088900000, 0x0000000088a00000, 0x0000000088a00000|100%| E|CS|TAMS 0x0000000088900000, 0x0000000088900000| Complete 
| 138|0x0000000088a00000, 0x0000000088b00000, 0x0000000088b00000|100%| E|CS|TAMS 0x0000000088a00000, 0x0000000088a00000| Complete 
| 139|0x0000000088b00000, 0x0000000088c00000, 0x0000000088c00000|100%| E|CS|TAMS 0x0000000088b00000, 0x0000000088b00000| Complete 
| 140|0x0000000088c00000, 0x0000000088d00000, 0x0000000088d00000|100%| E|CS|TAMS 0x0000000088c00000, 0x0000000088c00000| Complete 
| 141|0x0000000088d00000, 0x0000000088e00000, 0x0000000088e00000|100%| E|CS|TAMS 0x0000000088d00000, 0x0000000088d00000| Complete 
| 142|0x0000000088e00000, 0x0000000088f00000, 0x0000000088f00000|100%| E|CS|TAMS 0x0000000088e00000, 0x0000000088e00000| Complete 
| 143|0x0000000088f00000, 0x0000000089000000, 0x0000000089000000|100%| E|CS|TAMS 0x0000000088f00000, 0x0000000088f00000| Complete 
| 144|0x0000000089000000, 0x0000000089100000, 0x0000000089100000|100%| E|CS|TAMS 0x0000000089000000, 0x0000000089000000| Complete 
| 145|0x0000000089100000, 0x0000000089200000, 0x0000000089200000|100%| E|CS|TAMS 0x0000000089100000, 0x0000000089100000| Complete 
| 146|0x0000000089200000, 0x0000000089300000, 0x0000000089300000|100%| E|CS|TAMS 0x0000000089200000, 0x0000000089200000| Complete 
| 147|0x0000000089300000, 0x0000000089400000, 0x0000000089400000|100%| E|CS|TAMS 0x0000000089300000, 0x0000000089300000| Complete 
| 148|0x0000000089400000, 0x0000000089500000, 0x0000000089500000|100%| E|CS|TAMS 0x0000000089400000, 0x0000000089400000| Complete 
| 149|0x0000000089500000, 0x0000000089600000, 0x0000000089600000|100%| E|CS|TAMS 0x0000000089500000, 0x0000000089500000| Complete 
| 150|0x0000000089600000, 0x0000000089700000, 0x0000000089700000|100%| E|CS|TAMS 0x0000000089600000, 0x0000000089600000| Complete 
| 151|0x0000000089700000, 0x0000000089800000, 0x0000000089800000|100%| E|CS|TAMS 0x0000000089700000, 0x0000000089700000| Complete 
| 152|0x0000000089800000, 0x0000000089900000, 0x0000000089900000|100%| E|CS|TAMS 0x0000000089800000, 0x0000000089800000| Complete 
| 153|0x0000000089900000, 0x0000000089a00000, 0x0000000089a00000|100%| E|CS|TAMS 0x0000000089900000, 0x0000000089900000| Complete 
| 154|0x0000000089a00000, 0x0000000089b00000, 0x0000000089b00000|100%| E|CS|TAMS 0x0000000089a00000, 0x0000000089a00000| Complete 
| 155|0x0000000089b00000, 0x0000000089c00000, 0x0000000089c00000|100%| E|CS|TAMS 0x0000000089b00000, 0x0000000089b00000| Complete 
| 156|0x0000000089c00000, 0x0000000089d00000, 0x0000000089d00000|100%| E|CS|TAMS 0x0000000089c00000, 0x0000000089c00000| Complete 
| 157|0x0000000089d00000, 0x0000000089e00000, 0x0000000089e00000|100%| E|CS|TAMS 0x0000000089d00000, 0x0000000089d00000| Complete 
| 158|0x0000000089e00000, 0x0000000089f00000, 0x0000000089f00000|100%| E|CS|TAMS 0x0000000089e00000, 0x0000000089e00000| Complete 
| 159|0x0000000089f00000, 0x000000008a000000, 0x000000008a000000|100%| E|CS|TAMS 0x0000000089f00000, 0x0000000089f00000| Complete 
| 160|0x000000008a000000, 0x000000008a100000, 0x000000008a100000|100%| E|CS|TAMS 0x000000008a000000, 0x000000008a000000| Complete 
| 161|0x000000008a100000, 0x000000008a200000, 0x000000008a200000|100%| E|CS|TAMS 0x000000008a100000, 0x000000008a100000| Complete 
| 162|0x000000008a200000, 0x000000008a300000, 0x000000008a300000|100%| E|CS|TAMS 0x000000008a200000, 0x000000008a200000| Complete 
| 163|0x000000008a300000, 0x000000008a31fb18, 0x000000008a400000| 12%| S|CS|TAMS 0x000000008a300000, 0x000000008a300000| Complete 
| 164|0x000000008a400000, 0x000000008a500000, 0x000000008a500000|100%| S|CS|TAMS 0x000000008a400000, 0x000000008a400000| Complete 
| 165|0x000000008a500000, 0x000000008a600000, 0x000000008a600000|100%| E|CS|TAMS 0x000000008a500000, 0x000000008a500000| Complete 
| 166|0x000000008a600000, 0x000000008a700000, 0x000000008a700000|100%| E|CS|TAMS 0x000000008a600000, 0x000000008a600000| Complete 
| 167|0x000000008a700000, 0x000000008a800000, 0x000000008a800000|100%| E|CS|TAMS 0x000000008a700000, 0x000000008a700000| Complete 
| 168|0x000000008a800000, 0x000000008a900000, 0x000000008a900000|100%| E|CS|TAMS 0x000000008a800000, 0x000000008a800000| Complete 
| 169|0x000000008a900000, 0x000000008aa00000, 0x000000008aa00000|100%| E|CS|TAMS 0x000000008a900000, 0x000000008a900000| Complete 
| 170|0x000000008aa00000, 0x000000008ab00000, 0x000000008ab00000|100%| E|CS|TAMS 0x000000008aa00000, 0x000000008aa00000| Complete 
| 171|0x000000008ab00000, 0x000000008ac00000, 0x000000008ac00000|100%| E|CS|TAMS 0x000000008ab00000, 0x000000008ab00000| Complete 
| 172|0x000000008ac00000, 0x000000008ad00000, 0x000000008ad00000|100%| E|CS|TAMS 0x000000008ac00000, 0x000000008ac00000| Complete 
| 173|0x000000008ad00000, 0x000000008ae00000, 0x000000008ae00000|100%| E|CS|TAMS 0x000000008ad00000, 0x000000008ad00000| Complete 
| 174|0x000000008ae00000, 0x000000008af00000, 0x000000008af00000|100%| E|CS|TAMS 0x000000008ae00000, 0x000000008ae00000| Complete 
| 175|0x000000008af00000, 0x000000008b000000, 0x000000008b000000|100%| E|CS|TAMS 0x000000008af00000, 0x000000008af00000| Complete 
| 176|0x000000008b000000, 0x000000008b100000, 0x000000008b100000|100%| E|CS|TAMS 0x000000008b000000, 0x000000008b000000| Complete 
| 177|0x000000008b100000, 0x000000008b200000, 0x000000008b200000|100%| E|CS|TAMS 0x000000008b100000, 0x000000008b100000| Complete 
| 178|0x000000008b200000, 0x000000008b300000, 0x000000008b300000|100%| E|CS|TAMS 0x000000008b200000, 0x000000008b200000| Complete 
| 179|0x000000008b300000, 0x000000008b400000, 0x000000008b400000|100%| E|CS|TAMS 0x000000008b300000, 0x000000008b300000| Complete 
| 180|0x000000008b400000, 0x000000008b500000, 0x000000008b500000|100%| E|CS|TAMS 0x000000008b400000, 0x000000008b400000| Complete 
| 181|0x000000008b500000, 0x000000008b600000, 0x000000008b600000|100%| E|CS|TAMS 0x000000008b500000, 0x000000008b500000| Complete 
| 182|0x000000008b600000, 0x000000008b700000, 0x000000008b700000|100%| E|CS|TAMS 0x000000008b600000, 0x000000008b600000| Complete 
| 183|0x000000008b700000, 0x000000008b800000, 0x000000008b800000|100%| E|CS|TAMS 0x000000008b700000, 0x000000008b700000| Complete 
| 184|0x000000008b800000, 0x000000008b900000, 0x000000008b900000|100%| E|CS|TAMS 0x000000008b800000, 0x000000008b800000| Complete 
| 185|0x000000008b900000, 0x000000008ba00000, 0x000000008ba00000|100%| E|CS|TAMS 0x000000008b900000, 0x000000008b900000| Complete 
| 186|0x000000008ba00000, 0x000000008bb00000, 0x000000008bb00000|100%| E|CS|TAMS 0x000000008ba00000, 0x000000008ba00000| Complete 
| 187|0x000000008bb00000, 0x000000008bc00000, 0x000000008bc00000|100%| E|CS|TAMS 0x000000008bb00000, 0x000000008bb00000| Complete 
| 188|0x000000008bc00000, 0x000000008bd00000, 0x000000008bd00000|100%| E|CS|TAMS 0x000000008bc00000, 0x000000008bc00000| Complete 
| 189|0x000000008bd00000, 0x000000008be00000, 0x000000008be00000|100%| E|CS|TAMS 0x000000008bd00000, 0x000000008bd00000| Complete 

Card table byte_map: [0x00000169f5e20000,0x00000169f6220000] _byte_map_base: 0x00000169f5a20000

Marking Bits (Prev, Next): (CMBitMap*) 0x00000169edf88780, (CMBitMap*) 0x00000169edf887c0
 Prev Bits: [0x00000169f6620000, 0x00000169f8620000)
 Next Bits: [0x00000169f8620000, 0x00000169fa620000)

Polling page: 0x00000169ec0b0000

Metaspace:

Usage:
  Non-class:     12.26 MB used.
      Class:      2.00 MB used.
       Both:     14.26 MB used.

Virtual space:
  Non-class space:       64.00 MB reserved,      12.38 MB ( 19%) committed,  1 nodes.
      Class space:      416.00 MB reserved,       2.12 MB ( <1%) committed,  1 nodes.
             Both:      480.00 MB reserved,      14.50 MB (  3%) committed. 

Chunk freelists:
   Non-Class:  2.88 MB
       Class:  13.86 MB
        Both:  16.73 MB

MaxMetaspaceSize: 512.00 MB
CompressedClassSpaceSize: 416.00 MB
Initial GC threshold: 21.00 MB
Current GC threshold: 21.00 MB
CDS: on
MetaspaceReclaimPolicy: balanced
 - commit_granule_bytes: 65536.
 - commit_granule_words: 8192.
 - virtual_space_node_default_size: 8388608.
 - enlarge_chunks_in_place: 1.
 - new_chunks_are_fully_committed: 0.
 - uncommit_free_chunks: 1.
 - use_allocation_guard: 0.
 - handle_deallocations: 1.


Internal statistics:

num_allocs_failed_limit: 0.
num_arena_births: 190.
num_arena_deaths: 0.
num_vsnodes_births: 2.
num_vsnodes_deaths: 0.
num_space_committed: 232.
num_space_uncommitted: 0.
num_chunks_returned_to_freelist: 0.
num_chunks_taken_from_freelist: 637.
num_chunk_merges: 0.
num_chunk_splits: 432.
num_chunks_enlarged: 333.
num_inconsistent_stats: 0.

CodeHeap 'non-profiled nmethods': size=120000Kb used=1124Kb max_used=1124Kb free=118875Kb
 bounds [0x0000016987ad0000, 0x0000016987d40000, 0x000001698f000000]
CodeHeap 'profiled nmethods': size=120000Kb used=4576Kb max_used=4576Kb free=115423Kb
 bounds [0x0000016980000000, 0x0000016980480000, 0x0000016987530000]
CodeHeap 'non-nmethods': size=5760Kb used=1235Kb max_used=1262Kb free=4524Kb
 bounds [0x0000016987530000, 0x00000169877a0000, 0x0000016987ad0000]
 total_blobs=2800 nmethods=2264 adapters=448
 compilation: enabled
              stopped_count=0, restarted_count=0
 full_count=0

Compilation events (20 events):
Event: 6.405 Thread 0x00000169fcb2ae30 nmethod 2255 0x0000016980470110 code [0x0000016980470300, 0x0000016980470788]
Event: 6.421 Thread 0x00000169fcb2ae30 2256       3       jdk.internal.org.objectweb.asm.FieldWriter::visitEnd (1 bytes)
Event: 6.421 Thread 0x00000169fcb2ae30 nmethod 2256 0x0000016980470910 code [0x0000016980470aa0, 0x0000016980470bb8]
Event: 6.430 Thread 0x00000169fcb26840 2257   !   4       java.lang.ClassLoader::loadClass (121 bytes)
Event: 6.441 Thread 0x00000169fcb2ae30 2258       3       jdk.internal.org.objectweb.asm.SymbolTable::addConstantString (8 bytes)
Event: 6.441 Thread 0x00000169fcb2ae30 nmethod 2258 0x0000016980470c90 code [0x0000016980470e20, 0x0000016980470f68]
Event: 6.455 Thread 0x00000169fcb2ae30 2259   !   3       org.gradle.internal.service.DefaultServiceRegistry$SingletonService::prepare (111 bytes)
Event: 6.456 Thread 0x00000169fcb2ae30 nmethod 2259 0x0000016980471010 code [0x00000169804712c0, 0x0000016980471ec8]
Event: 6.456 Thread 0x00000169fcb2ae30 2260       3       java.util.ArrayList::contains (14 bytes)
Event: 6.456 Thread 0x00000169fcb2ae30 nmethod 2260 0x0000016980472410 code [0x00000169804725c0, 0x00000169804727e8]
Event: 6.456 Thread 0x00000169fcb2ae30 2261       3       java.util.ArrayList::indexOf (11 bytes)
Event: 6.456 Thread 0x00000169fcb2ae30 nmethod 2261 0x0000016980472910 code [0x0000016980472ac0, 0x0000016980472c08]
Event: 6.486 Thread 0x00000169fcb2ae30 2262       3       java.lang.Package::<init> (47 bytes)
Event: 6.486 Thread 0x00000169fcb2ae30 nmethod 2262 0x0000016980472c90 code [0x0000016980472e80, 0x00000169804732e8]
Event: 6.622 Thread 0x00000169fcb2ae30 2264       3       java.util.concurrent.locks.ReentrantLock$Sync::tryRelease (51 bytes)
Event: 6.623 Thread 0x00000169fcb2ae30 nmethod 2264 0x0000016980473510 code [0x00000169804736c0, 0x0000016980473a08]
Event: 6.686 Thread 0x00000169fcb2ae30 2265  s    3       java.io.ByteArrayOutputStream::write (43 bytes)
Event: 6.686 Thread 0x00000169fcb2ae30 nmethod 2265 0x0000016980473b10 code [0x0000016980473ce0, 0x0000016980474188]
Event: 6.722 Thread 0x00000169fcb2ae30 2266       1       sun.reflect.generics.repository.AbstractRepository::getFactory (5 bytes)
Event: 6.722 Thread 0x00000169fcb2ae30 nmethod 2266 0x0000016987be9010 code [0x0000016987be91a0, 0x0000016987be9278]

GC Heap History (6 events):
Event: 0.474 GC heap before
{Heap before GC invocations=0 (full 0):
 garbage-first heap   total 194560K, used 13312K [0x0000000080000000, 0x0000000100000000)
  region size 1024K, 13 young (13312K), 0 survivors (0K)
 Metaspace       used 1035K, committed 1152K, reserved 491520K
  class space    used 83K, committed 128K, reserved 425984K
}
Event: 0.477 GC heap after
{Heap after GC invocations=1 (full 0):
 garbage-first heap   total 194560K, used 3688K [0x0000000080000000, 0x0000000100000000)
  region size 1024K, 2 young (2048K), 2 survivors (2048K)
 Metaspace       used 1035K, committed 1152K, reserved 491520K
  class space    used 83K, committed 128K, reserved 425984K
}
Event: 1.055 GC heap before
{Heap before GC invocations=1 (full 0):
 garbage-first heap   total 194560K, used 23144K [0x0000000080000000, 0x0000000100000000)
  region size 1024K, 17 young (17408K), 2 survivors (2048K)
 Metaspace       used 3865K, committed 4032K, reserved 491520K
  class space    used 487K, committed 576K, reserved 425984K
}
Event: 1.058 GC heap after
{Heap after GC invocations=2 (full 0):
 garbage-first heap   total 194560K, used 10916K [0x0000000080000000, 0x0000000100000000)
  region size 1024K, 3 young (3072K), 3 survivors (3072K)
 Metaspace       used 3865K, committed 4032K, reserved 491520K
  class space    used 487K, committed 576K, reserved 425984K
}
Event: 1.645 GC heap before
{Heap before GC invocations=2 (full 0):
 garbage-first heap   total 194560K, used 33444K [0x0000000080000000, 0x0000000100000000)
  region size 1024K, 25 young (25600K), 3 survivors (3072K)
 Metaspace       used 4019K, committed 4160K, reserved 491520K
  class space    used 490K, committed 576K, reserved 425984K
}
Event: 1.649 GC heap after
{Heap after GC invocations=3 (full 0):
 garbage-first heap   total 194560K, used 12143K [0x0000000080000000, 0x0000000100000000)
  region size 1024K, 2 young (2048K), 2 survivors (2048K)
 Metaspace       used 4019K, committed 4160K, reserved 491520K
  class space    used 490K, committed 576K, reserved 425984K
}

Dll operation events (14 events):
Event: 0.014 Loaded shared library C:\Program Files\Microsoft\jdk-17.0.8.7-hotspot\bin\java.dll
Event: 0.035 Loaded shared library C:\Program Files\Microsoft\jdk-17.0.8.7-hotspot\bin\jsvml.dll
Event: 0.093 Loaded shared library C:\Program Files\Microsoft\jdk-17.0.8.7-hotspot\bin\zip.dll
Event: 0.098 Loaded shared library C:\Program Files\Microsoft\jdk-17.0.8.7-hotspot\bin\instrument.dll
Event: 0.105 Loaded shared library C:\Program Files\Microsoft\jdk-17.0.8.7-hotspot\bin\net.dll
Event: 0.107 Loaded shared library C:\Program Files\Microsoft\jdk-17.0.8.7-hotspot\bin\nio.dll
Event: 0.111 Loaded shared library C:\Program Files\Microsoft\jdk-17.0.8.7-hotspot\bin\zip.dll
Event: 0.371 Loaded shared library C:\Program Files\Microsoft\jdk-17.0.8.7-hotspot\bin\jimage.dll
Event: 0.470 Loaded shared library C:\Program Files\Microsoft\jdk-17.0.8.7-hotspot\bin\verify.dll
Event: 0.755 Loaded shared library C:\Users\admin\.gradle\native\68d5fa5c4cc2d200863cafc0d521ce42e7d3e7ee720ec0a83991735586a16f82\windows-amd64\native-platform.dll
Event: 0.782 Loaded shared library C:\Users\admin\.gradle\native\e376f236ea51e6404a007f0833ffe2c6e607c4080706a723a18a27aeea778392\windows-amd64\native-platform-file-events.dll
Event: 2.792 Loaded shared library C:\Program Files\Microsoft\jdk-17.0.8.7-hotspot\bin\management.dll
Event: 2.862 Loaded shared library C:\Program Files\Microsoft\jdk-17.0.8.7-hotspot\bin\management_ext.dll
Event: 4.948 Loaded shared library C:\Program Files\Microsoft\jdk-17.0.8.7-hotspot\bin\sunmscapi.dll

Deoptimization events (20 events):
Event: 5.302 Thread 0x00000169fcd2b970 Uncommon trap: trap_request=0xffffff45 fr.pc=0x0000016987b0e438 relative=0x00000000000003f8
Event: 5.302 Thread 0x00000169fcd2b970 Uncommon trap: reason=unstable_if action=reinterpret pc=0x0000016987b0e438 method=java.util.HashMap.getNode(Ljava/lang/Object;)Ljava/util/HashMap$Node; @ 66 c2
Event: 5.302 Thread 0x00000169fcd2b970 DEOPT PACKING pc=0x0000016987b0e438 sp=0x000000026b2fc220
Event: 5.302 Thread 0x00000169fcd2b970 DEOPT UNPACKING pc=0x000001698758a1a3 sp=0x000000026b2fc1a0 mode 2
Event: 5.338 Thread 0x00000169fcd2b970 Uncommon trap: trap_request=0xffffff45 fr.pc=0x0000016987b81cb4 relative=0x00000000000003f4
Event: 5.338 Thread 0x00000169fcd2b970 Uncommon trap: reason=unstable_if action=reinterpret pc=0x0000016987b81cb4 method=java.util.concurrent.ConcurrentHashMap.get(Ljava/lang/Object;)Ljava/lang/Object; @ 152 c2
Event: 5.338 Thread 0x00000169fcd2b970 DEOPT PACKING pc=0x0000016987b81cb4 sp=0x000000026b2fb6c0
Event: 5.338 Thread 0x00000169fcd2b970 DEOPT UNPACKING pc=0x000001698758a1a3 sp=0x000000026b2fb638 mode 2
Event: 6.300 Thread 0x00000169fcd2b970 Uncommon trap: trap_request=0xffffff45 fr.pc=0x0000016987b574e4 relative=0x0000000000000744
Event: 6.300 Thread 0x00000169fcd2b970 Uncommon trap: reason=unstable_if action=reinterpret pc=0x0000016987b574e4 method=java.util.ArrayList.grow(I)[Ljava/lang/Object; @ 17 c2
Event: 6.300 Thread 0x00000169fcd2b970 DEOPT PACKING pc=0x0000016987b574e4 sp=0x000000026b2fce90
Event: 6.300 Thread 0x00000169fcd2b970 DEOPT UNPACKING pc=0x000001698758a1a3 sp=0x000000026b2fcd28 mode 2
Event: 6.340 Thread 0x00000169fcd2b970 Uncommon trap: trap_request=0xffffff45 fr.pc=0x0000016987af3398 relative=0x0000000000000b98
Event: 6.340 Thread 0x00000169fcd2b970 Uncommon trap: reason=unstable_if action=reinterpret pc=0x0000016987af3398 method=java.io.WinNTFileSystem.resolve(Ljava/lang/String;Ljava/lang/String;)Ljava/lang/String; @ 19 c2
Event: 6.340 Thread 0x00000169fcd2b970 DEOPT PACKING pc=0x0000016987af3398 sp=0x000000026b2fcd70
Event: 6.340 Thread 0x00000169fcd2b970 DEOPT UNPACKING pc=0x000001698758a1a3 sp=0x000000026b2fcd18 mode 2
Event: 6.341 Thread 0x00000169fcd2b970 Uncommon trap: trap_request=0xffffff45 fr.pc=0x0000016987b44b9c relative=0x00000000000005fc
Event: 6.341 Thread 0x00000169fcd2b970 Uncommon trap: reason=unstable_if action=reinterpret pc=0x0000016987b44b9c method=java.io.File.getName()Ljava/lang/String; @ 16 c2
Event: 6.341 Thread 0x00000169fcd2b970 DEOPT PACKING pc=0x0000016987b44b9c sp=0x000000026b2fcd10
Event: 6.341 Thread 0x00000169fcd2b970 DEOPT UNPACKING pc=0x000001698758a1a3 sp=0x000000026b2fcce0 mode 2

Classes unloaded (0 events):
No events

Classes redefined (0 events):
No events

Internal exceptions (20 events):
Event: 3.842 Thread 0x00000169edf2a9c0 Exception <a 'java/lang/NoSuchMethodError'{0x000000008a63c7b8}: 'java.lang.Object java.lang.invoke.DirectMethodHandle$Holder.invokeStaticInit(java.lang.Object, int, int, int, int)'> (0x000000008a63c7b8) 
thrown [s\src\hotspot\share\interpreter\linkResolver.cpp, line 759]
Event: 4.006 Thread 0x00000169edf2a9c0 Exception <a 'java/lang/NoSuchMethodError'{0x000000008a6c6078}: 'java.lang.Object java.lang.invoke.DirectMethodHandle$Holder.invokeStaticInit(java.lang.Object, java.lang.Object, int, int, int, int)'> (0x000000008a6c6078) 
thrown [s\src\hotspot\share\interpreter\linkResolver.cpp, line 759]
Event: 4.857 Thread 0x00000169edf2a9c0 Exception <a 'java/lang/NoSuchMethodError'{0x000000008a2d7270}: 'void java.lang.invoke.DirectMethodHandle$Holder.invokeStatic(java.lang.Object, java.lang.Object, java.lang.Object)'> (0x000000008a2d7270) 
thrown [s\src\hotspot\share\interpreter\linkResolver.cpp, line 759]
Event: 4.888 Thread 0x00000169edf2a9c0 Exception <a 'java/io/IOException'{0x000000008a193ae8}> (0x000000008a193ae8) 
thrown [s\src\hotspot\share\prims\jni.cpp, line 516]
Event: 5.158 Thread 0x00000169fcd2b970 Exception <a 'java/lang/NoSuchMethodError'{0x0000000089aa3008}: 'long java.lang.invoke.DirectMethodHandle$Holder.invokeInterface(java.lang.Object, java.lang.Object)'> (0x0000000089aa3008) 
thrown [s\src\hotspot\share\interpreter\linkResolver.cpp, line 759]
Event: 5.165 Thread 0x00000169fcd2b970 Exception <a 'java/lang/NoSuchMethodError'{0x0000000089adace0}: 'java.lang.Object java.lang.invoke.DirectMethodHandle$Holder.invokeVirtual(java.lang.Object, java.lang.Object, java.lang.Object)'> (0x0000000089adace0) 
thrown [s\src\hotspot\share\interpreter\linkResolver.cpp, line 759]
Event: 5.271 Thread 0x00000169fcd2b970 Exception <a 'java/lang/NoSuchMethodError'{0x0000000089683468}: 'void java.lang.invoke.DirectMethodHandle$Holder.invokeStatic(java.lang.Object, java.lang.Object)'> (0x0000000089683468) 
thrown [s\src\hotspot\share\interpreter\linkResolver.cpp, line 759]
Event: 5.317 Thread 0x00000169fcd2b970 Exception <a 'java/lang/NoSuchMethodError'{0x000000008942e168}: 'java.lang.Object java.lang.invoke.DirectMethodHandle$Holder.newInvokeSpecial(java.lang.Object, java.lang.Object, java.lang.Object, java.lang.Object, java.lang.Object)'> (0x000000008942e168) 
thrown [s\src\hotspot\share\interpreter\linkResolver.cpp, line 759]
Event: 5.397 Thread 0x00000169fcd2b970 Exception <a 'java/lang/NoSuchMethodError'{0x0000000089253c00}: 'void java.lang.invoke.DirectMethodHandle$Holder.invokeSpecial(java.lang.Object, java.lang.Object, java.lang.Object)'> (0x0000000089253c00) 
thrown [s\src\hotspot\share\interpreter\linkResolver.cpp, line 759]
Event: 5.426 Thread 0x00000169fcd2b970 Exception <a 'java/lang/NoSuchMethodError'{0x0000000089100b18}: 'java.lang.Object java.lang.invoke.DirectMethodHandle$Holder.newInvokeSpecial(java.lang.Object, java.lang.Object, java.lang.Object, java.lang.Object, java.lang.Object, java.lang.Object)'> (0x0000000089100b18) 
thrown [s\src\hotspot\share\interpreter\linkResolver.cpp, line 759]
Event: 5.433 Thread 0x00000169fcd2b970 Exception <a 'java/lang/NoSuchMethodError'{0x0000000089118620}: 'void java.lang.invoke.DirectMethodHandle$Holder.invokeSpecial(java.lang.Object, java.lang.Object, java.lang.Object, java.lang.Object, java.lang.Object)'> (0x0000000089118620) 
thrown [s\src\hotspot\share\interpreter\linkResolver.cpp, line 759]
Event: 5.436 Thread 0x00000169fcd2b970 Exception <a 'java/lang/NoSuchMethodError'{0x000000008912c440}: 'void java.lang.invoke.DirectMethodHandle$Holder.invokeStaticInit(java.lang.Object, java.lang.Object)'> (0x000000008912c440) 
thrown [s\src\hotspot\share\interpreter\linkResolver.cpp, line 759]
Event: 5.582 Thread 0x00000169fcd2b970 Exception <a 'java/lang/NoSuchMethodError'{0x0000000088ff5728}: 'void java.lang.invoke.DelegatingMethodHandle$Holder.reinvoke_L(java.lang.Object, java.lang.Object, java.lang.Object, java.lang.Object, java.lang.Object, java.lang.Object, java.lang.Object, java.lang.Object, java.lang.Object, java.lang.Object)'> (0x0000000088ff5728) 
thrown [s\src\hotspot\share\interpreter\linkResolver.cpp, line 759]
Event: 5.582 Thread 0x00000169fcd2b970 Exception <a 'java/lang/NoSuchMethodError'{0x0000000088ffdb98}: 'java.lang.Object java.lang.invoke.DirectMethodHandle$Holder.invokeSpecial(java.lang.Object, java.lang.Object, java.lang.Object, java.lang.Object, java.lang.Object, java.lang.Object, java.lang.Object, java.lang.Object, java.lang.Object, java.lang.Object)'> (0x0000000088ffdb98) 
thrown [s\src\hotspot\share\interpreter\linkResolver.cpp, line 759]
Event: 5.583 Thread 0x00000169fcd2b970 Exception <a 'java/lang/NoSuchMethodError'{0x0000000088e02a48}: 'java.lang.Object java.lang.invoke.Invokers$Holder.invoker(java.lang.Object, java.lang.Object, java.lang.Object, java.lang.Object, java.lang.Object, java.lang.Object, java.lang.Object, java.lang.Object, java.lang.Object, java.lang.Object)'> (0x0000000088e02a48) 
thrown [s\src\hotspot\share\interpreter\linkResolver.cpp, line 759]
Event: 5.585 Thread 0x00000169fcd2b970 Exception <a 'java/lang/NoSuchMethodError'{0x0000000088e085d0}: 'java.lang.Object java.lang.invoke.DirectMethodHandle$Holder.invokeSpecial(java.lang.Object, java.lang.Object, java.lang.Object, java.lang.Object, java.lang.Object, java.lang.Object, java.lang.Object, java.lang.Object, java.lang.Object, java.lang.Object, java.lang.Object)'> (0x0000000088e085d0) 
thrown [s\src\hotspot\share\interpreter\linkResolver.cpp, line 759]
Event: 6.234 Thread 0x00000169fcd2b970 Exception <a 'java/lang/NoSuchMethodError'{0x00000000889d6650}: 'void java.lang.invoke.DirectMethodHandle$Holder.invokeStaticInit(java.lang.Object)'> (0x00000000889d6650) 
thrown [s\src\hotspot\share\interpreter\linkResolver.cpp, line 759]
Event: 6.253 Thread 0x00000169fcd2b970 Exception <a 'java/lang/NoSuchMethodError'{0x0000000088706628}: 'java.lang.Object java.lang.invoke.DirectMethodHandle$Holder.newInvokeSpecial(java.lang.Object, java.lang.Object, java.lang.Object, int)'> (0x0000000088706628) 
thrown [s\src\hotspot\share\interpreter\linkResolver.cpp, line 759]
Event: 6.254 Thread 0x00000169fcd2b970 Exception <a 'java/lang/NoSuchMethodError'{0x000000008870af58}: 'java.lang.Object java.lang.invoke.DirectMethodHandle$Holder.invokeSpecial(java.lang.Object, java.lang.Object, java.lang.Object, java.lang.Object, int)'> (0x000000008870af58) 
thrown [s\src\hotspot\share\interpreter\linkResolver.cpp, line 759]
Event: 6.254 Thread 0x00000169fcd2b970 Exception <a 'java/lang/NoSuchMethodError'{0x000000008870f070}: 'java.lang.Object java.lang.invoke.Invokers$Holder.linkToTargetMethod(java.lang.Object, java.lang.Object, int, java.lang.Object)'> (0x000000008870f070) 
thrown [s\src\hotspot\share\interpreter\linkResolver.cpp, line 759]

VM Operations (20 events):
Event: 3.994 Executing VM operation: HandshakeAllThreads
Event: 3.994 Executing VM operation: HandshakeAllThreads done
Event: 4.855 Executing VM operation: HandshakeAllThreads
Event: 4.856 Executing VM operation: HandshakeAllThreads done
Event: 4.856 Executing VM operation: Cleanup
Event: 4.856 Executing VM operation: Cleanup done
Event: 4.958 Executing VM operation: HandshakeAllThreads
Event: 4.958 Executing VM operation: HandshakeAllThreads done
Event: 5.501 Executing VM operation: HandshakeAllThreads
Event: 5.501 Executing VM operation: HandshakeAllThreads done
Event: 6.355 Executing VM operation: HandshakeAllThreads
Event: 6.355 Executing VM operation: HandshakeAllThreads done
Event: 6.355 Executing VM operation: Cleanup
Event: 6.355 Executing VM operation: Cleanup done
Event: 6.355 Executing VM operation: HandshakeAllThreads
Event: 6.355 Executing VM operation: HandshakeAllThreads done
Event: 6.419 Executing VM operation: HandshakeAllThreads
Event: 6.419 Executing VM operation: HandshakeAllThreads done
Event: 6.420 Executing VM operation: HandshakeAllThreads
Event: 6.420 Executing VM operation: HandshakeAllThreads done

Events (20 events):
Event: 6.267 loading class java/net/DatagramPacket
Event: 6.268 loading class java/net/DatagramPacket done
Event: 6.268 loading class sun/nio/ch/DatagramSocketAdaptor$DatagramPackets
Event: 6.269 loading class sun/nio/ch/DatagramSocketAdaptor$DatagramPackets done
Event: 6.341 loading class java/io/File$TempDirectory
Event: 6.341 loading class java/io/File$TempDirectory done
Event: 6.353 loading class java/io/PrintWriter
Event: 6.353 loading class java/io/PrintWriter done
Event: 6.354 loading class sun/nio/cs/UTF_8$Encoder
Event: 6.354 loading class sun/nio/cs/UTF_8$Encoder done
Event: 6.368 loading class java/io/UncheckedIOException
Event: 6.368 loading class java/io/UncheckedIOException done
Event: 6.372 loading class java/util/zip/CheckedInputStream
Event: 6.372 loading class java/util/zip/CheckedInputStream done
Event: 6.374 loading class java/nio/file/FileVisitor
Event: 6.374 loading class java/nio/file/FileVisitor done
Event: 6.375 loading class java/io/FilenameFilter
Event: 6.375 loading class java/io/FilenameFilter done
Event: 6.690 loading class java/util/function/LongFunction
Event: 6.691 loading class java/util/function/LongFunction done


Dynamic libraries:
0x00007ff646290000 - 0x00007ff64629e000 	C:\Program Files\Microsoft\jdk-17.0.8.7-hotspot\bin\java.exe
0x00007ffd7aed0000 - 0x00007ffd7b0c8000 	C:\Windows\SYSTEM32\ntdll.dll
0x00007ffd71d50000 - 0x00007ffd71d69000 	C:\Program Files\Avast Software\Avast\aswhook.dll
0x00007ffd7abe0000 - 0x00007ffd7ac9d000 	C:\Windows\System32\KERNEL32.DLL
0x00007ffd78640000 - 0x00007ffd78936000 	C:\Windows\System32\KERNELBASE.dll
0x00007ffd78e10000 - 0x00007ffd78f10000 	C:\Windows\System32\ucrtbase.dll
0x00007ffd61e90000 - 0x00007ffd61ea7000 	C:\Program Files\Microsoft\jdk-17.0.8.7-hotspot\bin\jli.dll
0x00007ffd61d40000 - 0x00007ffd61d5b000 	C:\Program Files\Microsoft\jdk-17.0.8.7-hotspot\bin\VCRUNTIME140.dll
0x00007ffd7a2b0000 - 0x00007ffd7a44e000 	C:\Windows\System32\USER32.dll
0x00007ffd78cc0000 - 0x00007ffd78ce2000 	C:\Windows\System32\win32u.dll
0x00007ffd794d0000 - 0x00007ffd794fb000 	C:\Windows\System32\GDI32.dll
0x00007ffd78cf0000 - 0x00007ffd78e07000 	C:\Windows\System32\gdi32full.dll
0x00007ffd78bf0000 - 0x00007ffd78c8d000 	C:\Windows\System32\msvcp_win.dll
0x00007ffd65130000 - 0x00007ffd653ca000 	C:\Windows\WinSxS\amd64_microsoft.windows.common-controls_6595b64144ccf1df_6.0.19041.3636_none_60b6a03d71f818d5\COMCTL32.dll
0x00007ffd7a080000 - 0x00007ffd7a11e000 	C:\Windows\System32\msvcrt.dll
0x00007ffd7a450000 - 0x00007ffd7a482000 	C:\Windows\System32\IMM32.DLL
0x00007ffd740c0000 - 0x00007ffd740cc000 	C:\Program Files\Microsoft\jdk-17.0.8.7-hotspot\bin\vcruntime140_1.dll
0x00007ffd2e5a0000 - 0x00007ffd2e62d000 	C:\Program Files\Microsoft\jdk-17.0.8.7-hotspot\bin\msvcp140.dll
0x00007ffd2c100000 - 0x00007ffd2cd65000 	C:\Program Files\Microsoft\jdk-17.0.8.7-hotspot\bin\server\jvm.dll
0x00007ffd79220000 - 0x00007ffd792d3000 	C:\Windows\System32\ADVAPI32.dll
0x00007ffd7a120000 - 0x00007ffd7a1bf000 	C:\Windows\System32\sechost.dll
0x00007ffd790c0000 - 0x00007ffd791e6000 	C:\Windows\System32\RPCRT4.dll
0x00007ffd78c90000 - 0x00007ffd78cb7000 	C:\Windows\System32\bcrypt.dll
0x00007ffd783f0000 - 0x00007ffd7843b000 	C:\Windows\SYSTEM32\POWRPROF.dll
0x00007ffd61a70000 - 0x00007ffd61a79000 	C:\Windows\SYSTEM32\WSOCK32.dll
0x00007ffd7a1c0000 - 0x00007ffd7a22b000 	C:\Windows\System32\WS2_32.dll
0x00007ffd70240000 - 0x00007ffd7024a000 	C:\Windows\SYSTEM32\VERSION.dll
0x00007ffd57fc0000 - 0x00007ffd57fe7000 	C:\Windows\SYSTEM32\WINMM.dll
0x00007ffd783d0000 - 0x00007ffd783e2000 	C:\Windows\SYSTEM32\UMPDC.dll
0x00007ffd76220000 - 0x00007ffd76232000 	C:\Windows\SYSTEM32\kernel.appcore.dll
0x00007ffd71e10000 - 0x00007ffd71e1a000 	C:\Program Files\Microsoft\jdk-17.0.8.7-hotspot\bin\jimage.dll
0x00007ffd68c20000 - 0x00007ffd68e04000 	C:\Windows\SYSTEM32\DBGHELP.DLL
0x00007ffd68be0000 - 0x00007ffd68c14000 	C:\Windows\SYSTEM32\dbgcore.DLL
0x00007ffd78b60000 - 0x00007ffd78be2000 	C:\Windows\System32\bcryptPrimitives.dll
0x00007ffd64eb0000 - 0x00007ffd64ebe000 	C:\Program Files\Microsoft\jdk-17.0.8.7-hotspot\bin\instrument.dll
0x00007ffd2f560000 - 0x00007ffd2f585000 	C:\Program Files\Microsoft\jdk-17.0.8.7-hotspot\bin\java.dll
0x00007ffd2e4c0000 - 0x00007ffd2e597000 	C:\Program Files\Microsoft\jdk-17.0.8.7-hotspot\bin\jsvml.dll
0x00007ffd7a490000 - 0x00007ffd7abd5000 	C:\Windows\System32\SHELL32.dll
0x00007ffd76420000 - 0x00007ffd76bbc000 	C:\Windows\SYSTEM32\windows.storage.dll
0x00007ffd79c30000 - 0x00007ffd79f84000 	C:\Windows\System32\combase.dll
0x00007ffd77e10000 - 0x00007ffd77e3e000 	C:\Windows\SYSTEM32\Wldp.dll
0x00007ffd79400000 - 0x00007ffd794cd000 	C:\Windows\System32\OLEAUT32.dll
0x00007ffd7add0000 - 0x00007ffd7ae7d000 	C:\Windows\System32\SHCORE.dll
0x00007ffd78f10000 - 0x00007ffd78f65000 	C:\Windows\System32\shlwapi.dll
0x00007ffd784c0000 - 0x00007ffd784e5000 	C:\Windows\SYSTEM32\profapi.dll
0x00007ffd36d90000 - 0x00007ffd36da8000 	C:\Program Files\Microsoft\jdk-17.0.8.7-hotspot\bin\zip.dll
0x00007ffd4a2e0000 - 0x00007ffd4a2f9000 	C:\Program Files\Microsoft\jdk-17.0.8.7-hotspot\bin\net.dll
0x00007ffd6ed10000 - 0x00007ffd6ee1a000 	C:\Windows\SYSTEM32\WINHTTP.dll
0x00007ffd77bf0000 - 0x00007ffd77c5a000 	C:\Windows\system32\mswsock.dll
0x00007ffd43f20000 - 0x00007ffd43f36000 	C:\Program Files\Microsoft\jdk-17.0.8.7-hotspot\bin\nio.dll
0x00007ffd6fea0000 - 0x00007ffd6feb0000 	C:\Program Files\Microsoft\jdk-17.0.8.7-hotspot\bin\verify.dll
0x00007ffd2f530000 - 0x00007ffd2f557000 	C:\Users\admin\.gradle\native\68d5fa5c4cc2d200863cafc0d521ce42e7d3e7ee720ec0a83991735586a16f82\windows-amd64\native-platform.dll
0x00007ffd2d3e0000 - 0x00007ffd2d524000 	C:\Users\admin\.gradle\native\e376f236ea51e6404a007f0833ffe2c6e607c4080706a723a18a27aeea778392\windows-amd64\native-platform-file-events.dll
0x00007ffd68f10000 - 0x00007ffd68f19000 	C:\Program Files\Microsoft\jdk-17.0.8.7-hotspot\bin\management.dll
0x00007ffd67370000 - 0x00007ffd6737b000 	C:\Program Files\Microsoft\jdk-17.0.8.7-hotspot\bin\management_ext.dll
0x00007ffd7a070000 - 0x00007ffd7a078000 	C:\Windows\System32\PSAPI.DLL
0x00007ffd77e50000 - 0x00007ffd77e68000 	C:\Windows\SYSTEM32\CRYPTSP.dll
0x00007ffd77540000 - 0x00007ffd77574000 	C:\Windows\system32\rsaenh.dll
0x00007ffd78480000 - 0x00007ffd784ae000 	C:\Windows\SYSTEM32\USERENV.dll
0x00007ffd77d80000 - 0x00007ffd77d8c000 	C:\Windows\SYSTEM32\CRYPTBASE.dll
0x00007ffd77900000 - 0x00007ffd7793b000 	C:\Windows\SYSTEM32\IPHLPAPI.DLL
0x00007ffd7ae80000 - 0x00007ffd7ae88000 	C:\Windows\System32\NSI.dll
0x00007ffd71db0000 - 0x00007ffd71dc7000 	C:\Windows\SYSTEM32\dhcpcsvc6.DLL
0x00007ffd71d00000 - 0x00007ffd71d1d000 	C:\Windows\SYSTEM32\dhcpcsvc.DLL
0x00007ffd77940000 - 0x00007ffd77a0b000 	C:\Windows\SYSTEM32\DNSAPI.dll
0x00007ffd64c90000 - 0x00007ffd64c9e000 	C:\Program Files\Microsoft\jdk-17.0.8.7-hotspot\bin\sunmscapi.dll
0x00007ffd78a00000 - 0x00007ffd78b5d000 	C:\Windows\System32\CRYPT32.dll
0x00007ffd77f60000 - 0x00007ffd77f88000 	C:\Windows\SYSTEM32\ncrypt.dll
0x00007ffd77f20000 - 0x00007ffd77f5b000 	C:\Windows\SYSTEM32\NTASN1.dll
0x00007ffd25070000 - 0x00007ffd25077000 	C:\Windows\system32\wshunix.dll

dbghelp: loaded successfully - version: 4.0.5 - missing functions: none
symbol engine: initialized successfully - sym options: 0x614 - pdb path: .;C:\Program Files\Microsoft\jdk-17.0.8.7-hotspot\bin;C:\Windows\SYSTEM32;C:\Program Files\Avast Software\Avast;C:\Windows\WinSxS\amd64_microsoft.windows.common-controls_6595b64144ccf1df_6.0.19041.3636_none_60b6a03d71f818d5;C:\Program Files\Microsoft\jdk-17.0.8.7-hotspot\bin\server;C:\Users\admin\.gradle\native\68d5fa5c4cc2d200863cafc0d521ce42e7d3e7ee720ec0a83991735586a16f82\windows-amd64;C:\Users\admin\.gradle\native\e376f236ea51e6404a007f0833ffe2c6e607c4080706a723a18a27aeea778392\windows-amd64

VM Arguments:
jvm_args: -XX:MaxMetaspaceSize=512m --add-opens=java.base/java.util=ALL-UNNAMED --add-opens=java.base/java.lang=ALL-UNNAMED --add-opens=java.base/java.lang.invoke=ALL-UNNAMED --add-opens=java.prefs/java.util.prefs=ALL-UNNAMED --add-opens=java.base/java.nio.charset=ALL-UNNAMED --add-opens=java.base/java.net=ALL-UNNAMED --add-opens=java.base/java.util.concurrent.atomic=ALL-UNNAMED -Xmx2048m -Dfile.encoding=windows-1252 -Duser.country=US -Duser.language=en -Duser.variant -javaagent:C:\Users\admin\.gradle\wrapper\dists\gradle-8.3-all\6en3ugtfdg5xnpx44z4qbwgas\gradle-8.3\lib\agents\gradle-instrumentation-agent-8.3.jar 
java_command: org.gradle.launcher.daemon.bootstrap.GradleDaemon 8.3
java_class_path (initial): C:\Users\admin\.gradle\wrapper\dists\gradle-8.3-all\6en3ugtfdg5xnpx44z4qbwgas\gradle-8.3\lib\gradle-launcher-8.3.jar
Launcher Type: SUN_STANDARD

[Global flags]
     intx CICompilerCount                          = 3                                         {product} {ergonomic}
   size_t CompressedClassSpaceSize                 = 436207616                                 {product} {ergonomic}
     uint ConcGCThreads                            = 1                                         {product} {ergonomic}
     uint G1ConcRefinementThreads                  = 4                                         {product} {ergonomic}
   size_t G1HeapRegionSize                         = 1048576                                   {product} {ergonomic}
    uintx GCDrainStackTargetSize                   = 64                                        {product} {ergonomic}
   size_t InitialHeapSize                          = 199229440                                 {product} {ergonomic}
   size_t MarkStackSize                            = 4194304                                   {product} {ergonomic}
   size_t MaxHeapSize                              = 2147483648                                {product} {command line}
   size_t MaxMetaspaceSize                         = 536870912                                 {product} {command line}
   size_t MaxNewSize                               = 1287651328                                {product} {ergonomic}
   size_t MinHeapDeltaBytes                        = 1048576                                   {product} {ergonomic}
   size_t MinHeapSize                              = 8388608                                   {product} {ergonomic}
    uintx NonNMethodCodeHeapSize                   = 5832780                                {pd product} {ergonomic}
    uintx NonProfiledCodeHeapSize                  = 122912730                              {pd product} {ergonomic}
    uintx ProfiledCodeHeapSize                     = 122912730                              {pd product} {ergonomic}
    uintx ReservedCodeCacheSize                    = 251658240                              {pd product} {ergonomic}
     bool SegmentedCodeCache                       = true                                      {product} {ergonomic}
   size_t SoftMaxHeapSize                          = 2147483648                             {manageable} {ergonomic}
     bool UseCompressedClassPointers               = true                           {product lp64_product} {ergonomic}
     bool UseCompressedOops                        = true                           {product lp64_product} {ergonomic}
     bool UseG1GC                                  = true                                      {product} {ergonomic}
     bool UseLargePagesIndividualAllocation        = false                                  {pd product} {ergonomic}

Logging:
Log output configuration:
 #0: stdout all=warning uptime,level,tags
 #1: stderr all=off uptime,level,tags

Environment Variables:
JAVA_HOME=C:\Program Files\Microsoft\jdk-17.0.8.7-hotspot
CLASSPATH=C:\Users\admin\Mobile\android\\gradle\wrapper\gradle-wrapper.jar
PATH=C:\Users\admin\Mobile\node_modules\.bin;C:\Users\admin\Mobile\node_modules\.bin;C:\Users\admin\node_modules\.bin;C:\Users\node_modules\.bin;C:\node_modules\.bin;C:\Users\admin\AppData\Roaming\npm\node_modules\npm\node_modules\@npmcli\run-script\lib\node-gyp-bin;C:\Users\admin\Mobile\node_modules\.bin;C:\Users\admin\node_modules\.bin;C:\Users\node_modules\.bin;C:\node_modules\.bin;C:\Users\admin\AppData\Roaming\npm\node_modules\npm\node_modules\@npmcli\run-script\lib\node-gyp-bin;C:\Users\admin\bin;C:\Program Files\Git\mingw64\bin;C:\Program Files\Git\usr\local\bin;C:\Program Files\Git\usr\bin;C:\Program Files\Git\usr\bin;C:\Program Files\Git\mingw64\bin;C:\Program Files\Git\usr\bin;C:\Users\admin\bin;C:\Program Files\Microsoft\jdk-17.0.8.7-hotspot\bin;C:\Windows\system32;C:\Windows;C:\Windows\System32\Wbem;C:\Windows\System32\WindowsPowerShell\v1.0;C:\Windows\System32\OpenSSH;C:\xampp\php;C:\ProgramData\ComposerSetup\bin;C:\Program Files\Microsoft SQL Server\150\Tools\Binn;C:\Program Files\Microsoft SQL Server\Client SDK\ODBC\170\Tools\Binn;C:\Program Files (x86)\Microsoft SQL Server\150\Tools\Binn;C:\Program Files\Microsoft SQL Server\150\DTS\Binn;C:\Program Files (x86)\Microsoft SQL Server\160\DTS\Binn;C:\Program Files\Azure Data Studio\bin;C:\Program Files\Git\cmd;D:\xampp\php;C:\Program Files\Docker\Docker\resources\bin;C:\ProgramData\chocolatey\bin;C:\Program Files\nodejs;C:\Program Files\MongoDB\Server\7.0\bin;C:\Users\admin\AppData\Local\Android\Sdk\platform-tools;C:\Users\admin\AppData\Local\Android\Sdk\tools;C:\Users\admin\AppData\Local\jdk-11.0.2\bin;C:\Program Files\MySQL\MySQL Shell 8.0\bin;C:\Users\admin\AppData\Local\Microsoft\WindowsApps;C:\Users\admin\AppData\Local\Programs\Microsoft VS Code\bin;C:\Users\admin\AppData\Roaming\Composer\vendor\bin;C:\Users\admin\AppData\Local\GitHubDesktop\bin;C:\Program Files\Azure Data Studio\bin;C:\Users\admin\AppData\Roaming\npm;C:\Program Files\Git\usr\bin\vendor_perl;C:\Program Files\Git\usr\bin\core_perl
USERNAME=admin
SHELL=C:\Program Files\Git\usr\bin\bash.exe
DISPLAY=needs-to-be-defined
LANG=en_US.UTF-8
TERM=xterm-256color
TMPDIR=C:\Users\admin\AppData\Local\Temp
OS=Windows_NT
PROCESSOR_IDENTIFIER=Intel64 Family 6 Model 126 Stepping 5, GenuineIntel
TMP=C:\Users\admin\AppData\Local\Temp
TEMP=C:\Users\admin\AppData\Local\Temp



---------------  S Y S T E M  ---------------

OS:
 Windows 10 , 64 bit Build 19041 (10.0.19041.3636)
OS uptime: 0 days 5:47 hours
Hyper-V role detected

CPU: total 4 (initial active 4) (2 cores per cpu, 2 threads per core) family 6 model 126 stepping 5 microcode 0x78, cx8, cmov, fxsr, ht, mmx, 3dnowpref, sse, sse2, sse3, ssse3, sse4.1, sse4.2, popcnt, lzcnt, tsc, tscinvbit, avx, avx2, aes, erms, clmul, bmi1, bmi2, adx, avx512f, avx512dq, avx512cd, avx512bw, avx512vl, sha, fma, vzeroupper, avx512_vpopcntdq, avx512_vpclmulqdq, avx512_vaes, avx512_vnni, clflush, clflushopt, avx512_vbmi2, avx512_vbmi, hv
Processor Information for all 4 processors :
  Max Mhz: 1190, Current Mhz: 1190, Mhz Limit: 1190

Memory: 4k page, system-wide physical 12077M (458M free)
TotalPageFile size 18625M (AvailPageFile size 5M)
current process WorkingSet (physical memory assigned to process): 167M, peak: 167M
current process commit charge ("private bytes"): 325M, peak: 327M

vm_info: OpenJDK 64-Bit Server VM (17.0.8+7-LTS) for windows-amd64 JRE (17.0.8+7-LTS), built on Jul  7 2023 17:21:55 by "MicrosoftCorporation" with MS VC++ 16.10 / 16.11 (VS2019)

END.
